#
# There is insufficient memory for the Java Runtime Environment to continue.
# Native memory allocation (mmap) failed to map 199229440 bytes for G1 virtual space
# Possible reasons:
#   The system is out of physical RAM or swap space
#   The process is running with CompressedOops enabled, and the Java Heap may be blocking the growth of the native heap
# Possible solutions:
#   Reduce memory load on the system
#   Increase physical memory or swap space
#   Check if swap backing store is full
#   Decrease Java heap size (-Xmx/-Xms)
#   Decrease number of Java threads
#   Decrease Java thread stack sizes (-Xss)
#   Set larger code cache with -XX:ReservedCodeCacheSize=
#   JVM is running with Zero Based Compressed Oops mode in which the Java heap is
#     placed in the first 32GB address space. The Java Heap base address is the
#     maximum limit for the native heap growth. Please use -XX:HeapBaseMinAddress
#     to set the Java Heap base and to place the Java Heap above 32GB virtual address.
# This output file may be truncated or incomplete.
#
#  Out of Memory Error (os_windows.cpp:3557), pid=18708, tid=13472
#
# JRE version:  (17.0.6+10) (build )
# Java VM: OpenJDK 64-Bit Server VM (17.0.6+10, mixed mode, emulated-client, sharing, tiered, compressed oops, compressed class ptrs, g1 gc, windows-amd64)
# No core dump will be written. Minidumps are not enabled by default on client versions of Windows
#

---------------  S U M M A R Y ------------

Command Line: -Dcom.sun.management.jmxremote -Dcom.sun.management.jmxremote.port=60018 -Dcom.sun.management.jmxremote.authenticate=false -Dcom.sun.management.jmxremote.ssl=false -Djava.rmi.server.hostname=localhost -Dspring.jmx.enabled=true -Dmanagement.endpoints.jmx.exposure.include=* -Dspring.application.admin.enabled=true -XX:TieredStopAtLevel=1 -Dspring.boot.project.name=AIAviatorBettingApp -Dfile.encoding=UTF-8 -XX:+ShowCodeDetailsInExceptionMessages com.ashu.AIBet.AiAviatorBettingAppApplication --spring.output.ansi.enabled=always

Host: Intel(R) Core(TM) i5-7200U CPU @ 2.50GHz, 4 cores, 11G,  Windows 11 , 64 bit Build 22621 (10.0.22621.4391)
Time: Wed Nov 27 14:30:33 2024 India Standard Time elapsed time: 0.016773 seconds (0d 0h 0m 0s)

---------------  T H R E A D  ---------------

Current thread (0x0000013ee8bb1820):  JavaThread "Unknown thread" [_thread_in_vm, id=13472, stack(0x00000011c7b00000,0x00000011c7c00000)]

Stack: [0x00000011c7b00000,0x00000011c7c00000]
Native frames: (J=compiled Java code, j=interpreted, Vv=VM code, C=native code)
V  [jvm.dll+0x67741a]
V  [jvm.dll+0x834434]
V  [jvm.dll+0x835bde]
V  [jvm.dll+0x836243]
V  [jvm.dll+0x2457b5]
V  [jvm.dll+0x674329]
V  [jvm.dll+0x6689da]
V  [jvm.dll+0x30489b]
V  [jvm.dll+0x30bd96]
V  [jvm.dll+0x35b57e]
V  [jvm.dll+0x35b7af]
V  [jvm.dll+0x2db778]
V  [jvm.dll+0x2dc6e4]
V  [jvm.dll+0x806131]
V  [jvm.dll+0x369331]
V  [jvm.dll+0x7e56ac]
V  [jvm.dll+0x3eb35f]
V  [jvm.dll+0x3ecea1]
C  [jli.dll+0x5267]
C  [ucrtbase.dll+0x29333]
C  [KERNEL32.DLL+0x1259d]
C  [ntdll.dll+0x5af38]


---------------  P R O C E S S  ---------------

Threads class SMR info:
_java_thread_list=0x00007ffc17415fd8, length=0, elements={
}

Java Threads: ( => current thread )

Other Threads:
  0x0000013ee8c0ac30 GCTaskThread "GC Thread#0" [stack: 0x00000011c7c00000,0x00000011c7d00000] [id=18688]
  0x0000013ee8c17970 ConcurrentGCThread "G1 Main Marker" [stack: 0x00000011c7d00000,0x00000011c7e00000] [id=16392]
  0x0000013ee8c18380 ConcurrentGCThread "G1 Conc#0" [stack: 0x00000011c7e00000,0x00000011c7f00000] [id=13832]

[error occurred during error reporting (printing all threads), id 0xc0000005, EXCEPTION_ACCESS_VIOLATION (0xc0000005) at pc=0x00007ffc16bec1e7]

VM state: not at safepoint (not fully initialized)

VM Mutex/Monitor currently owned by a thread:  ([mutex/lock_event])
[0x0000013ee8bacb10] Heap_lock - owner thread: 0x0000013ee8bb1820

Heap address: 0x0000000742000000, size: 3040 MB, Compressed Oops mode: Zero based, Oop shift amount: 3

CDS archive(s) mapped at: [0x0000000000000000-0x0000000000000000-0x0000000000000000), size 0, SharedBaseAddress: 0x0000000800000000, ArchiveRelocationMode: 0.
Narrow klass base: 0x0000000000000000, Narrow klass shift: 0, Narrow klass range: 0x0

GC Precious Log:
<Empty>

Heap:
 garbage-first heap   total 0K, used 0K [0x0000000742000000, 0x0000000800000000)
  region size 2048K, 0 young (0K), 0 survivors (0K)

[error occurred during error reporting (printing heap information), id 0xc0000005, EXCEPTION_ACCESS_VIOLATION (0xc0000005) at pc=0x00007ffc16fd06f9]

GC Heap History (0 events):
No events

Dll operation events (1 events):
Event: 0.011 Loaded shared library C:\sts-4.17.2.RELEASE\plugins\org.eclipse.justj.openjdk.hotspot.jre.full.win32.x86_64_17.0.6.v20230125-1136\jre\bin\java.dll

Deoptimization events (0 events):
No events

Classes unloaded (0 events):
No events

Classes redefined (0 events):
No events

Internal exceptions (0 events):
No events

VM Operations (0 events):
No events

Events (0 events):
No events


Dynamic libraries:
0x00007ff7a93e0000 - 0x00007ff7a93ee000 	C:\sts-4.17.2.RELEASE\plugins\org.eclipse.justj.openjdk.hotspot.jre.full.win32.x86_64_17.0.6.v20230125-1136\jre\bin\javaw.exe
0x00007ffc8da10000 - 0x00007ffc8dc27000 	C:\Windows\SYSTEM32\ntdll.dll
0x00007ffc8cdb0000 - 0x00007ffc8ce74000 	C:\Windows\System32\KERNEL32.DLL
0x00007ffc8af30000 - 0x00007ffc8b2e9000 	C:\Windows\System32\KERNELBASE.dll
0x00007ffc8b4d0000 - 0x00007ffc8b5e1000 	C:\Windows\System32\ucrtbase.dll
0x00007ffc812a0000 - 0x00007ffc812b9000 	C:\sts-4.17.2.RELEASE\plugins\org.eclipse.justj.openjdk.hotspot.jre.full.win32.x86_64_17.0.6.v20230125-1136\jre\bin\VCRUNTIME140.dll
0x00007ffc812c0000 - 0x00007ffc812d7000 	C:\sts-4.17.2.RELEASE\plugins\org.eclipse.justj.openjdk.hotspot.jre.full.win32.x86_64_17.0.6.v20230125-1136\jre\bin\jli.dll
0x00007ffc8d670000 - 0x00007ffc8d81e000 	C:\Windows\System32\USER32.dll
0x00007ffc8b700000 - 0x00007ffc8b726000 	C:\Windows\System32\win32u.dll
0x00007ffc7f790000 - 0x00007ffc7fa22000 	C:\Windows\WinSxS\amd64_microsoft.windows.common-controls_6595b64144ccf1df_6.0.22621.4391_none_2715d37f73803e96\COMCTL32.dll
0x00007ffc8d3e0000 - 0x00007ffc8d409000 	C:\Windows\System32\GDI32.dll
0x00007ffc8d330000 - 0x00007ffc8d3d7000 	C:\Windows\System32\msvcrt.dll
0x00007ffc8b2f0000 - 0x00007ffc8b40b000 	C:\Windows\System32\gdi32full.dll
0x00007ffc8b660000 - 0x00007ffc8b6fa000 	C:\Windows\System32\msvcp_win.dll
0x00007ffc8ca00000 - 0x00007ffc8ca31000 	C:\Windows\System32\IMM32.DLL
0x00007ffc827d0000 - 0x00007ffc827dc000 	C:\sts-4.17.2.RELEASE\plugins\org.eclipse.justj.openjdk.hotspot.jre.full.win32.x86_64_17.0.6.v20230125-1136\jre\bin\vcruntime140_1.dll
0x00007ffc775e0000 - 0x00007ffc77671000 	C:\sts-4.17.2.RELEASE\plugins\org.eclipse.justj.openjdk.hotspot.jre.full.win32.x86_64_17.0.6.v20230125-1136\jre\bin\msvcp140.dll
0x00007ffc16900000 - 0x00007ffc17547000 	C:\sts-4.17.2.RELEASE\plugins\org.eclipse.justj.openjdk.hotspot.jre.full.win32.x86_64_17.0.6.v20230125-1136\jre\bin\server\jvm.dll
0x00007ffc8d590000 - 0x00007ffc8d642000 	C:\Windows\System32\ADVAPI32.dll
0x00007ffc8ce80000 - 0x00007ffc8cf27000 	C:\Windows\System32\sechost.dll
0x00007ffc8ad10000 - 0x00007ffc8ad38000 	C:\Windows\System32\bcrypt.dll
0x00007ffc8d8b0000 - 0x00007ffc8d9c4000 	C:\Windows\System32\RPCRT4.dll
0x00007ffc7ebf0000 - 0x00007ffc7ebf9000 	C:\Windows\SYSTEM32\WSOCK32.dll
0x00007ffc8cf40000 - 0x00007ffc8cfb1000 	C:\Windows\System32\WS2_32.dll
0x00007ffc833f0000 - 0x00007ffc83424000 	C:\Windows\SYSTEM32\WINMM.dll
0x00007ffc86d40000 - 0x00007ffc86d4a000 	C:\Windows\SYSTEM32\VERSION.dll
0x00007ffc89d50000 - 0x00007ffc89d68000 	C:\Windows\SYSTEM32\kernel.appcore.dll
0x00007ffc85620000 - 0x00007ffc8562a000 	C:\sts-4.17.2.RELEASE\plugins\org.eclipse.justj.openjdk.hotspot.jre.full.win32.x86_64_17.0.6.v20230125-1136\jre\bin\jimage.dll
0x00007ffc88680000 - 0x00007ffc888b2000 	C:\Windows\SYSTEM32\DBGHELP.DLL
0x00007ffc8c5f0000 - 0x00007ffc8c97f000 	C:\Windows\System32\combase.dll
0x00007ffc8d410000 - 0x00007ffc8d4e7000 	C:\Windows\System32\OLEAUT32.dll
0x00007ffc82e80000 - 0x00007ffc82eb2000 	C:\Windows\SYSTEM32\dbgcore.DLL
0x00007ffc8ad40000 - 0x00007ffc8adbb000 	C:\Windows\System32\bcryptPrimitives.dll
0x00007ffc811a0000 - 0x00007ffc811c5000 	C:\sts-4.17.2.RELEASE\plugins\org.eclipse.justj.openjdk.hotspot.jre.full.win32.x86_64_17.0.6.v20230125-1136\jre\bin\java.dll

dbghelp: loaded successfully - version: 4.0.5 - missing functions: none
symbol engine: initialized successfully - sym options: 0x614 - pdb path: .;C:\sts-4.17.2.RELEASE\plugins\org.eclipse.justj.openjdk.hotspot.jre.full.win32.x86_64_17.0.6.v20230125-1136\jre\bin;C:\Windows\SYSTEM32;C:\Windows\WinSxS\amd64_microsoft.windows.common-controls_6595b64144ccf1df_6.0.22621.4391_none_2715d37f73803e96;C:\sts-4.17.2.RELEASE\plugins\org.eclipse.justj.openjdk.hotspot.jre.full.win32.x86_64_17.0.6.v20230125-1136\jre\bin\server

VM Arguments:
jvm_args: -Dcom.sun.management.jmxremote -Dcom.sun.management.jmxremote.port=60018 -Dcom.sun.management.jmxremote.authenticate=false -Dcom.sun.management.jmxremote.ssl=false -Djava.rmi.server.hostname=localhost -Dspring.jmx.enabled=true -Dmanagement.endpoints.jmx.exposure.include=* -Dspring.application.admin.enabled=true -XX:TieredStopAtLevel=1 -Dspring.boot.project.name=AIAviatorBettingApp -Dfile.encoding=UTF-8 -XX:+ShowCodeDetailsInExceptionMessages 
java_command: com.ashu.AIBet.AiAviatorBettingAppApplication --spring.output.ansi.enabled=always
java_class_path (initial): F:\Spring\AIAviatorBettingApp\target\classes;C:\Users\dell\.m2\repository\org\springframework\boot\spring-boot-starter\3.4.0\spring-boot-starter-3.4.0.jar;C:\Users\dell\.m2\repository\org\springframework\boot\spring-boot\3.4.0\spring-boot-3.4.0.jar;C:\Users\dell\.m2\repository\org\springframework\spring-context\6.2.0\spring-context-6.2.0.jar;C:\Users\dell\.m2\repository\org\springframework\boot\spring-boot-autoconfigure\3.4.0\spring-boot-autoconfigure-3.4.0.jar;C:\Users\dell\.m2\repository\org\springframework\boot\spring-boot-starter-logging\3.4.0\spring-boot-starter-logging-3.4.0.jar;C:\Users\dell\.m2\repository\ch\qos\logback\logback-classic\1.5.12\logback-classic-1.5.12.jar;C:\Users\dell\.m2\repository\ch\qos\logback\logback-core\1.5.12\logback-core-1.5.12.jar;C:\Users\dell\.m2\repository\org\apache\logging\log4j\log4j-to-slf4j\2.24.1\log4j-to-slf4j-2.24.1.jar;C:\Users\dell\.m2\repository\org\apache\logging\log4j\log4j-api\2.24.1\log4j-api-2.24.1.jar;C:\Users\dell\.m2\repository\org\slf4j\jul-to-slf4j\2.0.16\jul-to-slf4j-2.0.16.jar;C:\Users\dell\.m2\repository\jakarta\annotation\jakarta.annotation-api\2.1.1\jakarta.annotation-api-2.1.1.jar;C:\Users\dell\.m2\repository\org\springframework\spring-core\6.2.0\spring-core-6.2.0.jar;C:\Users\dell\.m2\repository\org\springframework\spring-jcl\6.2.0\spring-jcl-6.2.0.jar;C:\Users\dell\.m2\repository\org\yaml\snakeyaml\2.3\snakeyaml-2.3.jar;C:\Users\dell\.m2\repository\org\seleniumhq\selenium\selenium-java\4.25.0\selenium-java-4.25.0.jar;C:\Users\dell\.m2\repository\org\seleniumhq\selenium\selenium-api\4.25.0\selenium-api-4.25.0.jar;C:\Users\dell\.m2\repository\org\jspecify\jspecify\1.0.0\jspecify-1.0.0.jar;C:\Users\dell\.m2\repository\org\seleniumhq\selenium\selenium-chrome-driver\4.25.0\selenium-chrome-driver-4.25.0.jar;C:\Users\dell\.m2\repository\com\google\auto\service\auto-service-annotations\1.1.1\auto-service-annotations-1.1.1.jar;C:\Users\dell\.m2\repository\org\seleniumhq\selenium\sel
Launcher Type: SUN_STANDARD

[Global flags]
     intx CICompilerCount                          = 3                                         {product} {ergonomic}
     uint ConcGCThreads                            = 1                                         {product} {ergonomic}
     uint G1ConcRefinementThreads                  = 4                                         {product} {ergonomic}
   size_t G1HeapRegionSize                         = 2097152                                   {product} {ergonomic}
    uintx GCDrainStackTargetSize                   = 64                                        {product} {ergonomic}
   size_t InitialHeapSize                          = 199229440                                 {product} {ergonomic}
     bool ManagementServer                         = true                                      {product} {command line}
   size_t MarkStackSize                            = 4194304                                   {product} {ergonomic}
   size_t MaxHeapSize                              = 3187671040                                {product} {ergonomic}
   size_t MinHeapDeltaBytes                        = 2097152                                   {product} {ergonomic}
   size_t MinHeapSize                              = 8388608                                   {product} {ergonomic}
    uintx NonProfiledCodeHeapSize                  = 0                                      {pd product} {ergonomic}
     bool ProfileInterpreter                       = false                                  {pd product} {command line}
    uintx ProfiledCodeHeapSize                     = 0                                      {pd product} {ergonomic}
     bool ShowCodeDetailsInExceptionMessages       = true                                   {manageable} {command line}
   size_t SoftMaxHeapSize                          = 3187671040                             {manageable} {ergonomic}
     intx TieredStopAtLevel                        = 1                                         {product} {command line}
     bool UseCompressedClassPointers               = true                           {product lp64_product} {ergonomic}
     bool UseCompressedOops                        = true                           {product lp64_product} {ergonomic}
     bool UseG1GC                                  = true                                      {product} {ergonomic}
     bool UseLargePagesIndividualAllocation        = false                                  {pd product} {ergonomic}

Logging:
Log output configuration:
 #0: stdout all=warning uptime,level,tags
 #1: stderr all=off uptime,level,tags

Environment Variables:
JAVA_HOME=C:\Program Files\Java\jdk-14
PATH=C:/sts-4.17.2.RELEASE//plugins/org.eclipse.justj.openjdk.hotspot.jre.full.win32.x86_64_17.0.6.v20230125-1136/jre/bin/server;C:/sts-4.17.2.RELEASE//plugins/org.eclipse.justj.openjdk.hotspot.jre.full.win32.x86_64_17.0.6.v20230125-1136/jre/bin;C:\Windows\system32;C:\Windows;C:\Windows\System32\Wbem;C:\Windows\System32\WindowsPowerShell\v1.0\;C:\Windows\System32\OpenSSH\;C:\Java\jdk-14\bin;C:\Program Files\Git\cmd;C:\Program Files\Git\bin;C:\Program Files\dotnet\;C:\Program Files\Java\jdk-14;C:\Program Files\MySQL\MySQL Shell 8.0\bin\;C:\Users\dell\AppData\Local\Microsoft\WindowsApps;C:\Program Files\heroku\bin;C:\Program Files\Git\bin;;C:\sts-4.17.2.RELEASE;
USERNAME=Ashutosh
OS=Windows_NT
PROCESSOR_IDENTIFIER=Intel64 Family 6 Model 142 Stepping 9, GenuineIntel
TMP=C:\Users\dell\AppData\Local\Temp
TEMP=C:\Users\dell\AppData\Local\Temp



---------------  S Y S T E M  ---------------

OS:
 Windows 11 , 64 bit Build 22621 (10.0.22621.4391)
OS uptime: 9 days 9:07 hours

CPU: total 4 (initial active 4) (2 cores per cpu, 2 threads per core) family 6 model 142 stepping 9 microcode 0xde, cx8, cmov, fxsr, ht, mmx, 3dnowpref, sse, sse2, sse3, ssse3, sse4.1, sse4.2, popcnt, lzcnt, tsc, tscinvbit, avx, avx2, aes, erms, clmul, bmi1, bmi2, adx, fma, vzeroupper, clflush, clflushopt

Memory: 4k page, system-wide physical 12154M (382M free)
TotalPageFile size 29543M (AvailPageFile size 68M)
current process WorkingSet (physical memory assigned to process): 11M, peak: 11M
current process commit charge ("private bytes"): 47M, peak: 236M

vm_info: OpenJDK 64-Bit Server VM (17.0.6+10) for windows-amd64 JRE (17.0.6+10), built on Jan 18 2023 10:08:59 by "temurin" with MS VC++ 16.7 (VS2019)

END.
